This is pdfTeXk, Version 3.141592-1.40.3 (Web2C 7.5.6) (format=pdflatex 2009.10.23)  3 FEB 2010 22:44
entering extended mode
 %&-line parsing enabled.
**ReqAnalysis.tex
(./ReqAnalysis.tex
LaTeX2e <2005/12/01>
Babel <v3.8h> and hyphenation patterns for english, usenglishmax, dumylang, noh
yphenation, loaded.
(/usr/share/texmf-texlive/tex/latex/base/report.cls
Document Class: report 2005/09/16 v1.4f Standard LaTeX document class
(/usr/share/texmf-texlive/tex/latex/base/size12.clo
File: size12.clo 2005/09/16 v1.4f Standard LaTeX file (size option)
)
\c@part=\count79
\c@chapter=\count80
\c@section=\count81
\c@subsection=\count82
\c@subsubsection=\count83
\c@paragraph=\count84
\c@subparagraph=\count85
\c@figure=\count86
\c@table=\count87
\abovecaptionskip=\skip41
\belowcaptionskip=\skip42
\bibindent=\dimen102
)
(/usr/share/texmf-texlive/tex/latex/geometry/geometry.sty
Package: geometry 2002/07/08 v3.2 Page Geometry

(/usr/share/texmf-texlive/tex/latex/graphics/keyval.sty
Package: keyval 1999/03/16 v1.13 key=value parser (DPC)
\KV@toks@=\toks14
)
\Gm@cnth=\count88
\Gm@cntv=\count89
\c@Gm@tempcnt=\count90
\Gm@bindingoffset=\dimen103
\Gm@wd@mp=\dimen104
\Gm@odd@mp=\dimen105
\Gm@even@mp=\dimen106
\Gm@dimlist=\toks15

(/usr/share/texmf-texlive/tex/xelatex/xetexconfig/geometry.cfg))
(/usr/share/texmf-texlive/tex/latex/fancyhdr/fancyhdr.sty
\fancy@headwidth=\skip43
\f@ncyO@elh=\skip44
\f@ncyO@erh=\skip45
\f@ncyO@olh=\skip46
\f@ncyO@orh=\skip47
\f@ncyO@elf=\skip48
\f@ncyO@erf=\skip49
\f@ncyO@olf=\skip50
\f@ncyO@orf=\skip51
)
(/usr/share/texmf-texlive/tex/latex/glossary/glossary.sty
Package: glossary 2006/07/20 2.4 (NLCT)

(/usr/share/texmf-texlive/tex/latex/base/ifthen.sty
Package: ifthen 2001/05/26 v1.1c Standard LaTeX ifthen package (DPC)
)
\gls@cols=\count91

No configuration file glossary.cfg found
(/usr/share/texmf-texlive/tex/latex/tools/longtable.sty
Package: longtable 2004/02/01 v4.11 Multi-page Table package (DPC)
\LTleft=\skip52
\LTright=\skip53
\LTpre=\skip54
\LTpost=\skip55
\LTchunksize=\count92
\LTcapwidth=\dimen107
\LT@head=\box26
\LT@firsthead=\box27
\LT@foot=\box28
\LT@lastfoot=\box29
\LT@cols=\count93
\LT@rows=\count94
\c@LT@tables=\count95
\c@LT@chunks=\count96
\LT@p@ftn=\toks16
)
\descriptionwidth=\skip56
\istfile=\write3
)
(/usr/share/texmf-texlive/tex/latex/graphics/graphicx.sty
Package: graphicx 1999/02/16 v1.0f Enhanced LaTeX Graphics (DPC,SPQR)

(/usr/share/texmf-texlive/tex/latex/graphics/graphics.sty
Package: graphics 2006/02/20 v1.0o Standard LaTeX Graphics (DPC,SPQR)

(/usr/share/texmf-texlive/tex/latex/graphics/trig.sty
Package: trig 1999/03/16 v1.09 sin cos tan (DPC)
)
(/etc/texmf/tex/latex/config/graphics.cfg
File: graphics.cfg 2007/01/18 v1.5 graphics configuration of teTeX/TeXLive
)
Package graphics Info: Driver file: pdftex.def on input line 90.

(/usr/share/texmf-texlive/tex/latex/pdftex-def/pdftex.def
File: pdftex.def 2007/01/08 v0.04d Graphics/color for pdfTeX
\Gread@gobject=\count97
))
\Gin@req@height=\dimen108
\Gin@req@width=\dimen109
)
(/usr/share/texmf-texlive/tex/latex/base/makeidx.sty
Package: makeidx 2000/03/29 v1.0m Standard LaTeX package
)
(/usr/share/texmf-texlive/tex/latex/colortbl/colortbl.sty
Package: colortbl 2001/02/13 v0.1j Color table columns (DPC)

(/usr/share/texmf-texlive/tex/latex/tools/array.sty
Package: array 2005/08/23 v2.4b Tabular extension package (FMi)
\col@sep=\dimen110
\extrarowheight=\dimen111
\NC@list=\toks17
\extratabsurround=\skip57
\backup@length=\skip58
)
(/usr/share/texmf-texlive/tex/latex/graphics/color.sty
Package: color 2005/11/14 v1.0j Standard LaTeX Color (DPC)

(/etc/texmf/tex/latex/config/color.cfg
File: color.cfg 2007/01/18 v1.5 color configuration of teTeX/TeXLive
)
Package color Info: Driver file: pdftex.def on input line 130.
)
\everycr=\toks18
\minrowclearance=\skip59
)
(/usr/share/texmf-texlive/tex/latex/graphics/lscape.sty
Package: lscape 2000/10/22 v3.01 Landscape Pages (DPC)
)
\@glossaryfile=\write4
\openout4 = `ReqAnalysis.glo'.


Writing glossary file ReqAnalysis.glo 
\@indexfile=\write5
\openout5 = `ReqAnalysis.idx'.

Writing index file ReqAnalysis.idx
(./ReqAnalysis.aux

LaTeX Warning: Label `fig:seqAccessSched' multiply defined.


LaTeX Warning: Label `fig:seqMaintEmp' multiply defined.


LaTeX Warning: Label `fig:seqMaintEmp' multiply defined.


LaTeX Warning: Label `fig:seqBookDaysOff' multiply defined.


LaTeX Warning: Label `fig:seqManagerView' multiply defined.

)
\openout1 = `ReqAnalysis.aux'.

LaTeX Font Info:    Checking defaults for OML/cmm/m/it on input line 30.
LaTeX Font Info:    ... okay on input line 30.
LaTeX Font Info:    Checking defaults for T1/cmr/m/n on input line 30.
LaTeX Font Info:    ... okay on input line 30.
LaTeX Font Info:    Checking defaults for OT1/cmr/m/n on input line 30.
LaTeX Font Info:    ... okay on input line 30.
LaTeX Font Info:    Checking defaults for OMS/cmsy/m/n on input line 30.
LaTeX Font Info:    ... okay on input line 30.
LaTeX Font Info:    Checking defaults for OMX/cmex/m/n on input line 30.
LaTeX Font Info:    ... okay on input line 30.
LaTeX Font Info:    Checking defaults for U/cmr/m/n on input line 30.
LaTeX Font Info:    ... okay on input line 30.
-------------------- Geometry parameters
paper: letterpaper
landscape: --
twocolumn: --
twoside: --
asymmetric: --
h-parts: 56.9055pt, 500.484pt, 56.9055pt
v-parts: 85.35826pt, 638.47984pt, 71.13188pt
hmarginratio: --
vmarginratio: --
lines: --
heightrounded: --
bindingoffset: 0.0pt
truedimen: --
includehead: --
includefoot: --
includemp: --
driver: pdftex
-------------------- Page layout dimensions and switches
\paperwidth  614.295pt
\paperheight 794.96999pt
\textwidth  500.484pt
\textheight 638.47984pt
\oddsidemargin  -15.36449pt
\evensidemargin -15.36449pt
\topmargin  -23.91173pt
\headheight 15.0pt
\headsep    25.0pt
\footskip   30.0pt
\marginparwidth 44.0pt
\marginparsep   10.0pt
\columnsep  10.0pt
\skip\footins  10.8pt plus 4.0pt minus 2.0pt
\hoffset 0.0pt
\voffset 0.0pt
\mag 1000

(1in=72.27pt, 1cm=28.45pt)
-----------------------
 (/usr/share/texmf/tex/context/base/supp-pdf.tex
[Loading MPS to PDF converter (version 2006.09.02).]
\scratchcounter=\count98
\scratchdimen=\dimen112
\scratchbox=\box30
\nofMPsegments=\count99
\nofMParguments=\count100
\everyMPshowfont=\toks19
\MPscratchCnt=\count101
\MPscratchDim=\dimen113
\MPnumerator=\count102
\everyMPtoPDFconversion=\toks20
)
LaTeX Font Info:    External font `cmex10' loaded for size
(Font)              <14.4> on input line 38.
LaTeX Font Info:    External font `cmex10' loaded for size
(Font)              <7> on input line 38.
 [1

\openout3 = `ReqAnalysis.ist'.

{/var/lib/texmf/fonts/map/pdftex/updmap/pdftex.map}] (./ReqAnalysis.toc
LaTeX Font Info:    External font `cmex10' loaded for size
(Font)              <12> on input line 3.
LaTeX Font Info:    External font `cmex10' loaded for size
(Font)              <8> on input line 3.
LaTeX Font Info:    External font `cmex10' loaded for size
(Font)              <6> on input line 3.

[1

] [2] [3] [4]
Missing character: There is no â in font cmr12!
Missing character: There is no € in font cmr12!
Missing character: There is no “ in font cmr12!
Missing character: There is no â in font cmr12!
Missing character: There is no € in font cmr12!
Missing character: There is no “ in font cmr12!
Missing character: There is no â in font cmr12!
Missing character: There is no € in font cmr12!
Missing character: There is no “ in font cmr12!
Missing character: There is no â in font cmr12!
Missing character: There is no € in font cmr12!
Missing character: There is no “ in font cmr12!
Missing character: There is no â in font cmr12!
Missing character: There is no € in font cmr12!
Missing character: There is no “ in font cmr12!
Missing character: There is no â in font cmr12!
Missing character: There is no € in font cmr12!
Missing character: There is no “ in font cmr12!
 [5] [6])
\tf@toc=\write6
\openout6 = `ReqAnalysis.toc'.

 [7] (./ReqAnalysis.lof [8

] [9] [10])
\tf@lof=\write7
\openout7 = `ReqAnalysis.lof'.

 [11] [12

]
Chapter 1.
[13

]
Missing character: There is no Â in font cmr12!
Missing character: There is no © in font cmr12!

Underfull \hbox (badness 10000) in paragraph at lines 53--58

 []

[14]
Chapter 2.
LaTeX Font Info:    Try loading font information for OMS+cmr on input line 63.
(/usr/share/texmf-texlive/tex/latex/base/omscmr.fd
File: omscmr.fd 1999/05/25 v2.5h Standard LaTeX font definitions
)
LaTeX Font Info:    Font shape `OMS/cmr/m/n' in size <12> not available
(Font)              Font shape `OMS/cmsy/m/n' tried instead on input line 63.
 [15

] [16] [17

]
Chapter 3.
[18

] [19] [20]
Chapter 4.
[21

] [22]
Underfull \hbox (badness 10000) in paragraph at lines 130--131

 []

[23] [24]
Missing character: There is no Â in font cmr12!
Missing character: There is no © in font cmr12!
 [25] [26] [27]
Missing character: There is no â in font cmr12!
Missing character: There is no € in font cmr12!
Missing character: There is no ™ in font cmr12!
Missing character: There is no â in font cmr12!
Missing character: There is no € in font cmr12!
Missing character: There is no ™ in font cmr12!
 [28]
Missing character: There is no â in font cmr12!
Missing character: There is no € in font cmr12!
Missing character: There is no ™ in font cmr12!
 [29] [30] [31] [32

]
Chapter 5.
[33

] <externals/UseCaseDiagram.png, id=115, 618.05907pt x 475.02469pt>
File: externals/UseCaseDiagram.png Graphic file (type png)

<use externals/UseCaseDiagram.png> [34 <./externals/UseCaseDiagram.png (PNG cop
y)>]
Chapter 6.

Overfull \hbox (8.41283pt too wide) in paragraph at lines 266--277
 []  
 []


Overfull \hbox (8.41283pt too wide) in paragraph at lines 266--277
 [] 
 []

[35

]
Overfull \hbox (8.41283pt too wide) in paragraph at lines 282--292
 [][]  
 []


Overfull \hbox (8.41283pt too wide) in paragraph at lines 282--292
 [] 
 []


Overfull \hbox (8.41283pt too wide) in paragraph at lines 299--313
 []  
 []


Overfull \hbox (8.41283pt too wide) in paragraph at lines 299--313
 [] 
 []

[36]
Missing character: There is no â in font cmr12!
Missing character: There is no € in font cmr12!
Missing character: There is no ™ in font cmr12!

Overfull \hbox (8.41283pt too wide) in paragraph at lines 328--342
 []  
 []


Overfull \hbox (8.41283pt too wide) in paragraph at lines 328--342
 [] 
 []


Overfull \hbox (8.41283pt too wide) in paragraph at lines 346--354
 []  
 []


Overfull \hbox (8.41283pt too wide) in paragraph at lines 346--354
 [] 
 []

[37]
Overfull \hbox (8.41283pt too wide) in paragraph at lines 368--388
 []  
 []


Overfull \hbox (8.41283pt too wide) in paragraph at lines 368--388
 [] 
 []

[38]
Overfull \hbox (8.41283pt too wide) in paragraph at lines 393--407
 []  
 []


Overfull \hbox (8.41283pt too wide) in paragraph at lines 393--407
 [] 
 []


Overfull \hbox (8.41283pt too wide) in paragraph at lines 412--422
 []  
 []


Overfull \hbox (8.41283pt too wide) in paragraph at lines 412--422
 [] 
 []


Overfull \hbox (8.41283pt too wide) in paragraph at lines 427--435
 []  
 []


Overfull \hbox (8.41283pt too wide) in paragraph at lines 427--435
 [] 
 []

[39]
Overfull \hbox (8.41283pt too wide) in paragraph at lines 440--452
 []  
 []


Overfull \hbox (8.41283pt too wide) in paragraph at lines 440--452
 [] 
 []

[40]
Overfull \hbox (8.41283pt too wide) in paragraph at lines 518--537
 []  
 []


Overfull \hbox (8.41283pt too wide) in paragraph at lines 518--537
 [] 
 []

[41]
Overfull \hbox (8.41283pt too wide) in paragraph at lines 545--557
 []  
 []


Overfull \hbox (8.41283pt too wide) in paragraph at lines 545--557
 [] 
 []


Overfull \hbox (8.41283pt too wide) in paragraph at lines 562--572
 []  
 []


Overfull \hbox (8.41283pt too wide) in paragraph at lines 562--572
 [] 
 []


Overfull \hbox (8.41283pt too wide) in paragraph at lines 577--583
 []  
 []


Overfull \hbox (8.41283pt too wide) in paragraph at lines 577--583
 [] 
 []

[42]
Overfull \hbox (8.41283pt too wide) in paragraph at lines 597--609
 []  
 []


Overfull \hbox (8.41283pt too wide) in paragraph at lines 597--609
 [] 
 []

[43]
Overfull \hbox (8.41283pt too wide) in paragraph at lines 613--636
 []  
 []


Overfull \hbox (8.41283pt too wide) in paragraph at lines 613--636
 [] 
 []

[44]
Overfull \hbox (8.41283pt too wide) in paragraph at lines 642--654
 []  
 []


Overfull \hbox (8.41283pt too wide) in paragraph at lines 642--654
 [] 
 []


Overfull \hbox (8.41283pt too wide) in paragraph at lines 659--671
 []  
 []


Overfull \hbox (8.41283pt too wide) in paragraph at lines 659--671
 [] 
 []

[45]
Overfull \hbox (8.41283pt too wide) in paragraph at lines 685--700
 []  
 []


Overfull \hbox (8.41283pt too wide) in paragraph at lines 685--700
 [] 
 []

[46]
Overfull \hbox (8.41283pt too wide) in paragraph at lines 704--714
 []  
 []


Overfull \hbox (8.41283pt too wide) in paragraph at lines 704--714
 [] 
 []


Overfull \hbox (8.41283pt too wide) in paragraph at lines 719--727
 []  
 []


Overfull \hbox (8.41283pt too wide) in paragraph at lines 719--727
 [] 
 []

[47]
Overfull \hbox (8.41283pt too wide) in paragraph at lines 733--743
 []  
 []


Overfull \hbox (8.41283pt too wide) in paragraph at lines 733--743
 [] 
 []


Overfull \hbox (8.41283pt too wide) in paragraph at lines 748--754
 []  
 []


Overfull \hbox (8.41283pt too wide) in paragraph at lines 748--754
 [] 
 []


Overfull \hbox (8.41283pt too wide) in paragraph at lines 759--765
 []  
 []


Overfull \hbox (8.41283pt too wide) in paragraph at lines 759--765
 [] 
 []

[48]
Overfull \hbox (8.41283pt too wide) in paragraph at lines 779--789
 []  
 []


Overfull \hbox (8.41283pt too wide) in paragraph at lines 779--789
 [] 
 []

[49]
Overfull \hbox (8.41283pt too wide) in paragraph at lines 793--809
 []  
 []


Overfull \hbox (8.41283pt too wide) in paragraph at lines 793--809
 [] 
 []


Overfull \hbox (8.41283pt too wide) in paragraph at lines 815--823
 []  
 []


Overfull \hbox (8.41283pt too wide) in paragraph at lines 815--823
 [] 
 []


Overfull \hbox (8.41283pt too wide) in paragraph at lines 829--837
 []  
 []


Overfull \hbox (8.41283pt too wide) in paragraph at lines 829--837
 [] 
 []

[50]
Overfull \hbox (8.41283pt too wide) in paragraph at lines 843--851
 []  
 []


Overfull \hbox (8.41283pt too wide) in paragraph at lines 843--851
 [] 
 []

[51]
Missing character: There is no â in font cmr12!
Missing character: There is no € in font cmr12!
Missing character: There is no ™ in font cmr12!
Missing character: There is no â in font cmr12!
Missing character: There is no € in font cmr12!
Missing character: There is no ™ in font cmr12!

Overfull \hbox (8.41283pt too wide) in paragraph at lines 865--885
 []  
 []


Overfull \hbox (8.41283pt too wide) in paragraph at lines 865--885
 [] 
 []

[52]
Overfull \hbox (8.41283pt too wide) in paragraph at lines 891--909
 []  
 []


Overfull \hbox (8.41283pt too wide) in paragraph at lines 891--909
 [] 
 []


Overfull \hbox (8.41283pt too wide) in paragraph at lines 914--932
 []  
 []


Overfull \hbox (8.41283pt too wide) in paragraph at lines 914--932
 [] 
 []

[53]
Overfull \hbox (8.41283pt too wide) in paragraph at lines 939--951
 []  
 []


Overfull \hbox (8.41283pt too wide) in paragraph at lines 939--951
 [] 
 []

Missing character: There is no â in font cmr12!
Missing character: There is no € in font cmr12!
Missing character: There is no ™ in font cmr12!

Overfull \hbox (8.41283pt too wide) in paragraph at lines 956--966
 []  
 []


Overfull \hbox (8.41283pt too wide) in paragraph at lines 956--966
 [] 
 []


Overfull \hbox (8.41283pt too wide) in paragraph at lines 971--979
 []  
 []


Overfull \hbox (8.41283pt too wide) in paragraph at lines 971--979
 [] 
 []

[54]
Overfull \hbox (8.41283pt too wide) in paragraph at lines 986--994
 []  
 []


Overfull \hbox (8.41283pt too wide) in paragraph at lines 986--994
 [] 
 []


Overfull \hbox (8.41283pt too wide) in paragraph at lines 999--1005
 []  
 []


Overfull \hbox (8.41283pt too wide) in paragraph at lines 999--1005
 [] 
 []

Missing character: There is no â in font cmr12!
Missing character: There is no € in font cmr12!
Missing character: There is no ™ in font cmr12!

Overfull \hbox (8.41283pt too wide) in paragraph at lines 1010--1024
 []  
 []


Overfull \hbox (8.41283pt too wide) in paragraph at lines 1010--1024
 [] 
 []

[55]
Overfull \hbox (8.41283pt too wide) in paragraph at lines 1031--1041
 []  
 []


Overfull \hbox (8.41283pt too wide) in paragraph at lines 1031--1041
 [] 
 []

[56]
Overfull \hbox (8.41283pt too wide) in paragraph at lines 1055--1077
 []  
 []


Overfull \hbox (8.41283pt too wide) in paragraph at lines 1055--1077
 [] 
 []

[57]
Overfull \hbox (8.41283pt too wide) in paragraph at lines 1083--1105
 []  
 []


Overfull \hbox (8.41283pt too wide) in paragraph at lines 1083--1105
 [] 
 []


Overfull \hbox (8.41283pt too wide) in paragraph at lines 1110--1122
 []  
 []


Overfull \hbox (8.41283pt too wide) in paragraph at lines 1110--1122
 [] 
 []

[58]
Overfull \hbox (8.41283pt too wide) in paragraph at lines 1143--1159
 []  
 []


Overfull \hbox (8.41283pt too wide) in paragraph at lines 1143--1159
 [] 
 []

[59]
Overfull \hbox (8.41283pt too wide) in paragraph at lines 1164--1174
 []  
 []


Overfull \hbox (8.41283pt too wide) in paragraph at lines 1164--1174
 [] 
 []


Overfull \hbox (8.41283pt too wide) in paragraph at lines 1179--1189
 []  
 []


Overfull \hbox (8.41283pt too wide) in paragraph at lines 1179--1189
 [] 
 []

[60]
Overfull \hbox (8.41283pt too wide) in paragraph at lines 1321--1349
 []  
 []


Overfull \hbox (8.41283pt too wide) in paragraph at lines 1321--1349
 [] 
 []

[61]
Overfull \hbox (8.41283pt too wide) in paragraph at lines 1354--1370
 []  
 []


Overfull \hbox (8.41283pt too wide) in paragraph at lines 1354--1370
 [] 
 []

[62]
Overfull \hbox (8.41283pt too wide) in paragraph at lines 1385--1405
 []  
 []


Overfull \hbox (8.41283pt too wide) in paragraph at lines 1385--1405
 [] 
 []


Overfull \hbox (8.41283pt too wide) in paragraph at lines 1410--1418
 []  
 []


Overfull \hbox (8.41283pt too wide) in paragraph at lines 1410--1418
 [] 
 []

[63]
Overfull \hbox (8.41283pt too wide) in paragraph at lines 1423--1431
 []  
 []


Overfull \hbox (8.41283pt too wide) in paragraph at lines 1423--1431
 [] 
 []

[64]
Overfull \hbox (8.41283pt too wide) in paragraph at lines 1448--1480
 []  
 []


Overfull \hbox (8.41283pt too wide) in paragraph at lines 1448--1480
 [] 
 []

[65]
Overfull \hbox (8.41283pt too wide) in paragraph at lines 1485--1501
 []  
 []


Overfull \hbox (8.41283pt too wide) in paragraph at lines 1485--1501
 [] 
 []

[66]
Overfull \hbox (8.41283pt too wide) in paragraph at lines 1506--1520
 []  
 []


Overfull \hbox (8.41283pt too wide) in paragraph at lines 1506--1520
 [] 
 []


Overfull \hbox (8.41283pt too wide) in paragraph at lines 1524--1534
 []  
 []


Overfull \hbox (8.41283pt too wide) in paragraph at lines 1524--1534
 [] 
 []

[67]
Underfull \hbox (badness 1107) in paragraph at lines 1565--1565
[]|\OT1/cmr/bx/n/12 6. \OT1/cmr/m/n/12 En-ters po-si-tion name and de-scrip-tio
n.
 []


Overfull \hbox (8.41283pt too wide) in paragraph at lines 1552--1584
 []  
 []


Overfull \hbox (8.41283pt too wide) in paragraph at lines 1552--1584
 [] 
 []

[68]
Overfull \hbox (8.41283pt too wide) in paragraph at lines 1589--1605
 []  
 []


Overfull \hbox (8.41283pt too wide) in paragraph at lines 1589--1605
 [] 
 []

[69]
Overfull \hbox (8.41283pt too wide) in paragraph at lines 1610--1624
 []  
 []


Overfull \hbox (8.41283pt too wide) in paragraph at lines 1610--1624
 [] 
 []


Overfull \hbox (8.41283pt too wide) in paragraph at lines 1628--1638
 []  
 []


Overfull \hbox (8.41283pt too wide) in paragraph at lines 1628--1638
 [] 
 []

[70]
Overfull \hbox (8.41283pt too wide) in paragraph at lines 1656--1688
 []  
 []


Overfull \hbox (8.41283pt too wide) in paragraph at lines 1656--1688
 [] 
 []

[71]
Overfull \hbox (8.41283pt too wide) in paragraph at lines 1693--1709
 []  
 []


Overfull \hbox (8.41283pt too wide) in paragraph at lines 1693--1709
 [] 
 []

[72]
Overfull \hbox (8.41283pt too wide) in paragraph at lines 1714--1728
 []  
 []


Overfull \hbox (8.41283pt too wide) in paragraph at lines 1714--1728
 [] 
 []


Overfull \hbox (8.41283pt too wide) in paragraph at lines 1732--1742
 []  
 []


Overfull \hbox (8.41283pt too wide) in paragraph at lines 1732--1742
 [] 
 []

[73]
Chapter 7.
[74

]

pdfTeX warning: /usr/bin/pdflatex (file ./diagrams/cd_problem.pdf): PDF inclusi
on: found PDF version <1.5>, but at most version <1.4> allowed
<diagrams/cd_problem.pdf, id=247, 614.295pt x 794.97pt>
File: diagrams/cd_problem.pdf Graphic file (type pdf)

<use diagrams/cd_problem.pdf> [75 <./diagrams/cd_problem.pdf

pdfTeX warning: /usr/bin/pdflatex (file ./diagrams/cd_problem.pdf): PDF inclusi
on: Page Group detected which pdfTeX can't handle. Ignoring it.
>]
Chapter 8.
<externals/NewSchedState1.pdf, id=266, 614.295pt x 794.97pt>
File: externals/NewSchedState1.pdf Graphic file (type pdf)

<use externals/NewSchedState1.pdf>

LaTeX Warning: Float too large for page by 10.87495pt on input line 1766.

[76


] [77 <./externals/NewSchedState1.pdf

pdfTeX warning: /usr/bin/pdflatex (file ./externals/NewSchedState1.pdf): PDF in
clusion: Page Group detected which pdfTeX can't handle. Ignoring it.
>] <externals/NewSchedState2.pdf, id=298, 614.295pt x 794.97pt>
File: externals/NewSchedState2.pdf Graphic file (type pdf)

<use externals/NewSchedState2.pdf> [78 <./externals/NewSchedState2.pdf

pdfTeX warning: /usr/bin/pdflatex (file ./externals/NewSchedState2.pdf): PDF in
clusion: Page Group detected which pdfTeX can't handle. Ignoring it.
>] <externals/NewSchedState3.pdf, id=342, 614.295pt x 794.97pt>
File: externals/NewSchedState3.pdf Graphic file (type pdf)

<use externals/NewSchedState3.pdf> [79 <./externals/NewSchedState3.pdf

pdfTeX warning: /usr/bin/pdflatex (file ./externals/NewSchedState3.pdf): PDF in
clusion: Page Group detected which pdfTeX can't handle. Ignoring it.
>] <externals/NewSchedState4.pdf, id=376, 614.295pt x 794.97pt>
File: externals/NewSchedState4.pdf Graphic file (type pdf)

<use externals/NewSchedState4.pdf> [80 <./externals/NewSchedState4.pdf

pdfTeX warning: /usr/bin/pdflatex (file ./externals/NewSchedState4.pdf): PDF in
clusion: Page Group detected which pdfTeX can't handle. Ignoring it.
>] <externals/NewSchedState5.pdf, id=420, 614.295pt x 794.97pt>
File: externals/NewSchedState5.pdf Graphic file (type pdf)

<use externals/NewSchedState5.pdf> [81 <./externals/NewSchedState5.pdf

pdfTeX warning: /usr/bin/pdflatex (file ./externals/NewSchedState5.pdf): PDF in
clusion: Page Group detected which pdfTeX can't handle. Ignoring it.
>]

pdfTeX warning: /usr/bin/pdflatex (file ./diagrams/ad_reqshift.pdf): PDF inclus
ion: found PDF version <1.5>, but at most version <1.4> allowed
<diagrams/ad_reqshift.pdf, id=450, 614.295pt x 794.97pt>
File: diagrams/ad_reqshift.pdf Graphic file (type pdf)

<use diagrams/ad_reqshift.pdf> [82 <./diagrams/ad_reqshift.pdf

pdfTeX warning: /usr/bin/pdflatex (file ./diagrams/ad_reqshift.pdf): PDF inclus
ion: Page Group detected which pdfTeX can't handle. Ignoring it.
>]

pdfTeX warning: /usr/bin/pdflatex (file ./diagrams/ad_reqshift2.pdf): PDF inclu
sion: found PDF version <1.5>, but at most version <1.4> allowed
<diagrams/ad_reqshift2.pdf, id=463, 614.295pt x 794.97pt>
File: diagrams/ad_reqshift2.pdf Graphic file (type pdf)

<use diagrams/ad_reqshift2.pdf> [83 <./diagrams/ad_reqshift2.pdf

pdfTeX warning: /usr/bin/pdflatex (file ./diagrams/ad_reqshift2.pdf): PDF inclu
sion: Page Group detected which pdfTeX can't handle. Ignoring it.
>]

pdfTeX warning: /usr/bin/pdflatex (file ./diagrams/reqtimeoff.pdf): PDF inclusi
on: found PDF version <1.5>, but at most version <1.4> allowed
<diagrams/reqtimeoff.pdf, id=482, 614.295pt x 794.97pt>
File: diagrams/reqtimeoff.pdf Graphic file (type pdf)

<use diagrams/reqtimeoff.pdf> [84 <./diagrams/reqtimeoff.pdf

pdfTeX warning: /usr/bin/pdflatex (file ./diagrams/reqtimeoff.pdf): PDF inclusi
on: Page Group detected which pdfTeX can't handle. Ignoring it.
>]

pdfTeX warning: /usr/bin/pdflatex (file ./diagrams/reqtimeoff2.pdf): PDF inclus
ion: found PDF version <1.5>, but at most version <1.4> allowed
<diagrams/reqtimeoff2.pdf, id=496, 614.295pt x 794.97pt>
File: diagrams/reqtimeoff2.pdf Graphic file (type pdf)

<use diagrams/reqtimeoff2.pdf> [85 <./diagrams/reqtimeoff2.pdf

pdfTeX warning: /usr/bin/pdflatex (file ./diagrams/reqtimeoff2.pdf): PDF inclus
ion: Page Group detected which pdfTeX can't handle. Ignoring it.
>]
Chapter 9.
[86


]

pdfTeX warning: /usr/bin/pdflatex (file ./diagrams/ad_add1.pdf): PDF inclusion:
 found PDF version <1.5>, but at most version <1.4> allowed
<diagrams/ad_add1.pdf, id=518, 614.295pt x 794.97pt>
File: diagrams/ad_add1.pdf Graphic file (type pdf)

<use diagrams/ad_add1.pdf> [87 <./diagrams/ad_add1.pdf

pdfTeX warning: /usr/bin/pdflatex (file ./diagrams/ad_add1.pdf): PDF inclusion:
 Page Group detected which pdfTeX can't handle. Ignoring it.
>]

pdfTeX warning: /usr/bin/pdflatex (file ./diagrams/ad_gen1.pdf): PDF inclusion:
 found PDF version <1.5>, but at most version <1.4> allowed
<diagrams/ad_gen1.pdf, id=531, 614.295pt x 794.97pt>
File: diagrams/ad_gen1.pdf Graphic file (type pdf)

<use diagrams/ad_gen1.pdf>

pdfTeX warning: /usr/bin/pdflatex (file ./diagrams/swimreq.pdf): PDF inclusion:
 found PDF version <1.5>, but at most version <1.4> allowed
<diagrams/swimreq.pdf, id=532, 614.295pt x 794.97pt>
File: diagrams/swimreq.pdf Graphic file (type pdf)

<use diagrams/swimreq.pdf>

LaTeX Warning: Float too large for page by 4.90176pt on input line 1814.

<diagrams/actRequestShiftChange.png, id=533, 698.61pt x 580.41844pt>
File: diagrams/actRequestShiftChange.png Graphic file (type png)

<use diagrams/actRequestShiftChange.png> [88 <./diagrams/ad_gen1.pdf

pdfTeX warning: /usr/bin/pdflatex (file ./diagrams/ad_gen1.pdf): PDF inclusion:
 Page Group detected which pdfTeX can't handle. Ignoring it.
>] [89 <./diagrams/swimreq.pdf

pdfTeX warning: /usr/bin/pdflatex (file ./diagrams/swimreq.pdf): PDF inclusion:
 Page Group detected which pdfTeX can't handle. Ignoring it.
>] [90 <./diagrams/actRequestShiftChange.png (PNG copy)>] [91

]
Chapter 10.
[92

] <externals/PackageDiagram.png, id=568, 341.02406pt x 458.46281pt>
File: externals/PackageDiagram.png Graphic file (type png)

<use externals/PackageDiagram.png> [93 <./externals/PackageDiagram.png (PNG cop
y)>]
Chapter 11.

Underfull \hbox (badness 10000) in paragraph at lines 1838--1839

 []


Underfull \hbox (badness 10000) in paragraph at lines 1839--1840

 []

[94

] [95] [96] <externals/ConceptualERD.png, id=582, 510.40688pt x 391.4625pt>
File: externals/ConceptualERD.png Graphic file (type png)

<use externals/ConceptualERD.png>
<externals/InternalERD.pdf, id=583, 578.02829pt x 735.59222pt>
File: externals/InternalERD.pdf Graphic file (type pdf)

<use externals/InternalERD.pdf> [97 <./externals/ConceptualERD.png (PNG copy)>]
[98 <./externals/InternalERD.pdf

pdfTeX warning: /usr/bin/pdflatex (file ./externals/InternalERD.pdf): PDF inclu
sion: Page Group detected which pdfTeX can't handle. Ignoring it.
>]
Chapter 12.
[99

]
<ExternalFiles/DocumentStuff/datasizes1.pdf, id=1101, 614.295pt x 794.97pt>
File: ExternalFiles/DocumentStuff/datasizes1.pdf Graphic file (type pdf)

<use ExternalFiles/DocumentStuff/datasizes1.pdf>
Overfull \vbox (14.22482pt too high) has occurred while \output is active []


[100 <./ExternalFiles/DocumentStuff/datasizes1.pdf

pdfTeX warning: /usr/bin/pdflatex (file ./ExternalFiles/DocumentStuff/datasizes
1.pdf): PDF inclusion: Page Group detected which pdfTeX can't handle. Ignoring 
it.
>] <ExternalFiles/DocumentStuff/datasizes2.pdf, id=1117, 614.295pt x 794.97pt>
File: ExternalFiles/DocumentStuff/datasizes2.pdf Graphic file (type pdf)

<use ExternalFiles/DocumentStuff/datasizes2.pdf>
Overfull \vbox (42.6775pt too high) has occurred while \output is active []


[101 <./ExternalFiles/DocumentStuff/datasizes2.pdf

pdfTeX warning: /usr/bin/pdflatex (file ./ExternalFiles/DocumentStuff/datasizes
2.pdf): PDF inclusion: Page Group detected which pdfTeX can't handle. Ignoring 
it.
>] <ExternalFiles/DocumentStuff/datasizes3.pdf, id=1128, 614.295pt x 794.97pt>
File: ExternalFiles/DocumentStuff/datasizes3.pdf Graphic file (type pdf)

<use ExternalFiles/DocumentStuff/datasizes3.pdf>
Overfull \vbox (42.6775pt too high) has occurred while \output is active []


[102 <./ExternalFiles/DocumentStuff/datasizes3.pdf

pdfTeX warning: /usr/bin/pdflatex (file ./ExternalFiles/DocumentStuff/datasizes
3.pdf): PDF inclusion: Page Group detected which pdfTeX can't handle. Ignoring 
it.
>] <ExternalFiles/DocumentStuff/datasizes4.pdf, id=1145, 614.295pt x 794.97pt>
File: ExternalFiles/DocumentStuff/datasizes4.pdf Graphic file (type pdf)

<use ExternalFiles/DocumentStuff/datasizes4.pdf>
Overfull \vbox (42.6775pt too high) has occurred while \output is active []


[103 <./ExternalFiles/DocumentStuff/datasizes4.pdf

pdfTeX warning: /usr/bin/pdflatex (file ./ExternalFiles/DocumentStuff/datasizes
4.pdf): PDF inclusion: Page Group detected which pdfTeX can't handle. Ignoring 
it.
>] <ExternalFiles/DocumentStuff/datasizes5.pdf, id=1161, 614.295pt x 794.97pt>
File: ExternalFiles/DocumentStuff/datasizes5.pdf Graphic file (type pdf)

<use ExternalFiles/DocumentStuff/datasizes5.pdf>
Overfull \vbox (42.6775pt too high) has occurred while \output is active []


[104 <./ExternalFiles/DocumentStuff/datasizes5.pdf

pdfTeX warning: /usr/bin/pdflatex (file ./ExternalFiles/DocumentStuff/datasizes
5.pdf): PDF inclusion: Page Group detected which pdfTeX can't handle. Ignoring 
it.
>] <ExternalFiles/DocumentStuff/datasizes6.pdf, id=1192, 614.295pt x 794.97pt>
File: ExternalFiles/DocumentStuff/datasizes6.pdf Graphic file (type pdf)

<use ExternalFiles/DocumentStuff/datasizes6.pdf>
Overfull \vbox (42.6775pt too high) has occurred while \output is active []


[105 <./ExternalFiles/DocumentStuff/datasizes6.pdf

pdfTeX warning: /usr/bin/pdflatex (file ./ExternalFiles/DocumentStuff/datasizes
6.pdf): PDF inclusion: Page Group detected which pdfTeX can't handle. Ignoring 
it.
>] <ExternalFiles/DocumentStuff/datasizes7.pdf, id=1208, 614.295pt x 794.97pt>
File: ExternalFiles/DocumentStuff/datasizes7.pdf Graphic file (type pdf)

<use ExternalFiles/DocumentStuff/datasizes7.pdf>
Overfull \vbox (42.6775pt too high) has occurred while \output is active []


[106 <./ExternalFiles/DocumentStuff/datasizes7.pdf

pdfTeX warning: /usr/bin/pdflatex (file ./ExternalFiles/DocumentStuff/datasizes
7.pdf): PDF inclusion: Page Group detected which pdfTeX can't handle. Ignoring 
it.
>]
Chapter 13.
[107

] <externals/InterfaceClassDiagram.png, id=1237, 593.96906pt x 554.07pt>
File: externals/InterfaceClassDiagram.png Graphic file (type png)

<use externals/InterfaceClassDiagram.png>
<externals/PersistenceClassDiagram.png, id=1238, 515.67656pt x 333.49594pt>
File: externals/PersistenceClassDiagram.png Graphic file (type png)

<use externals/PersistenceClassDiagram.png>
<externals/ApplicationClassDiagram.png, id=1239, 347.79938pt x 288.3272pt>
File: externals/ApplicationClassDiagram.png Graphic file (type png)

<use externals/ApplicationClassDiagram.png>
<externals/BusinessClassDiagram.png, id=1240, 589.4522pt x 563.10374pt>
File: externals/BusinessClassDiagram.png Graphic file (type png)

<use externals/BusinessClassDiagram.png> [108 <./externals/InterfaceClassDiagra
m.png (PNG copy)>] [109 <./externals/PersistenceClassDiagram.png (PNG copy)> <.
/externals/ApplicationClassDiagram.png (PNG copy)>] [110 <./externals/BusinessC
lassDiagram.png (PNG copy)>]
Chapter 14.
[111


]

pdfTeX warning: /usr/bin/pdflatex (file ./diagrams/seq1.pdf): PDF inclusion: fo
und PDF version <1.5>, but at most version <1.4> allowed
<diagrams/seq1.pdf, id=1254, 614.295pt x 794.97pt>
File: diagrams/seq1.pdf Graphic file (type pdf)
 <use diagrams/seq1.pdf>
[112 <./diagrams/seq1.pdf

pdfTeX warning: /usr/bin/pdflatex (file ./diagrams/seq1.pdf): PDF inclusion: Pa
ge Group detected which pdfTeX can't handle. Ignoring it.
>]

pdfTeX warning: /usr/bin/pdflatex (file ./diagrams/seq2.pdf): PDF inclusion: fo
und PDF version <1.5>, but at most version <1.4> allowed
<diagrams/seq2.pdf, id=1273, 614.295pt x 794.97pt>
File: diagrams/seq2.pdf Graphic file (type pdf)
 <use diagrams/seq2.pdf>
[113 <./diagrams/seq2.pdf

pdfTeX warning: /usr/bin/pdflatex (file ./diagrams/seq2.pdf): PDF inclusion: Pa
ge Group detected which pdfTeX can't handle. Ignoring it.
>]

pdfTeX warning: /usr/bin/pdflatex (file ./diagrams/seq3.pdf): PDF inclusion: fo
und PDF version <1.5>, but at most version <1.4> allowed
<diagrams/seq3.pdf, id=1289, 614.295pt x 794.97pt>
File: diagrams/seq3.pdf Graphic file (type pdf)
 <use diagrams/seq3.pdf>
[114 <./diagrams/seq3.pdf

pdfTeX warning: /usr/bin/pdflatex (file ./diagrams/seq3.pdf): PDF inclusion: Pa
ge Group detected which pdfTeX can't handle. Ignoring it.
>] <diagrams/seqBookDaysOff.png, id=1306, 1172.12906pt x 1226.33156pt>
File: diagrams/seqBookDaysOff.png Graphic file (type png)

<use diagrams/seqBookDaysOff.png> [115 <./diagrams/seqBookDaysOff.png (PNG copy
)>] <diagrams/seqManagerViewScheds.png, id=1310, 843.90282pt x 767.86874pt>
File: diagrams/seqManagerViewScheds.png Graphic file (type png)

<use diagrams/seqManagerViewScheds.png> [116 <./diagrams/seqManagerViewScheds.p
ng (PNG copy)>]
<diagrams/seqRequestShiftChange.png, id=1314, 1537.99594pt x 1609.51312pt>
File: diagrams/seqRequestShiftChange.png Graphic file (type png)

<use diagrams/seqRequestShiftChange.png>
<diagrams/seqUpdateAvailability.png, id=1315, 711.4078pt x 596.98032pt>
File: diagrams/seqUpdateAvailability.png Graphic file (type png)

<use diagrams/seqUpdateAvailability.png>
<externals/SequenceDiagrams1.pdf, id=1316, 597.23125pt x 845.1575pt>
File: externals/SequenceDiagrams1.pdf Graphic file (type pdf)

<use externals/SequenceDiagrams1.pdf>
<externals/SequenceDiagrams2.pdf, id=1317, 597.23125pt x 845.1575pt>
File: externals/SequenceDiagrams2.pdf Graphic file (type pdf)

<use externals/SequenceDiagrams2.pdf>
<externals/SequenceDiagrams3.pdf, id=1318, 597.23125pt x 845.1575pt>
File: externals/SequenceDiagrams3.pdf Graphic file (type pdf)

<use externals/SequenceDiagrams3.pdf>
<externals/SequenceDiagrams4.pdf, id=1319, 597.23125pt x 845.1575pt>
File: externals/SequenceDiagrams4.pdf Graphic file (type pdf)

<use externals/SequenceDiagrams4.pdf>
<externals/DistributeReportSequence.png, id=1320, 429.85594pt x 693.34032pt>
File: externals/DistributeReportSequence.png Graphic file (type png)

<use externals/DistributeReportSequence.png>
<externals/GenerateReportSequence.png, id=1321, 861.9703pt x 818.30719pt>
File: externals/GenerateReportSequence.png Graphic file (type png)

<use externals/GenerateReportSequence.png>
<externals/LogInSequence.png, id=1322, 572.89032pt x 301.8778pt>
File: externals/LogInSequence.png Graphic file (type png)

<use externals/LogInSequence.png>
<externals/MaintainLocationSequence.png, id=1323, 776.9025pt x 1148.79187pt>
File: externals/MaintainLocationSequence.png Graphic file (type png)

<use externals/MaintainLocationSequence.png>

LaTeX Warning: Float too large for page by 3.48718pt on input line 2025.

<externals/MaintainPositionSequence.png, id=1324, 944.7797pt x 1242.14063pt>
File: externals/MaintainPositionSequence.png Graphic file (type png)

<use externals/MaintainPositionSequence.png>
<externals/MaintainSkillSequence.png, id=1325, 758.08218pt x 1148.79187pt>
File: externals/MaintainSkillSequence.png Graphic file (type png)

<use externals/MaintainSkillSequence.png>
<externals/ReviewEmployeeRequestSequence.png, id=1326, 549.55313pt x 308.65312p
t>
File: externals/ReviewEmployeeRequestSequence.png Graphic file (type png)
 <use externals/ReviewEmployeeRequestSequence.png>
<externals/SequenceDiagrams11.pdf, id=1327, 597.23125pt x 845.1575pt>
File: externals/SequenceDiagrams11.pdf Graphic file (type pdf)

<use externals/SequenceDiagrams11.pdf>
<externals/SequenceDiagrams12.pdf, id=1328, 597.23125pt x 845.1575pt>
File: externals/SequenceDiagrams12.pdf Graphic file (type pdf)

<use externals/SequenceDiagrams12.pdf>
<externals/SequenceDiagrams13.pdf, id=1329, 597.23125pt x 845.1575pt>
File: externals/SequenceDiagrams13.pdf Graphic file (type pdf)

<use externals/SequenceDiagrams13.pdf> [117 <./diagrams/seqRequestShiftChange.p
ng (PNG copy)>] [118 <./diagrams/seqUpdateAvailability.png (PNG copy)>]
[119 <./externals/SequenceDiagrams1.pdf>] [120 <./externals/SequenceDiagrams2.p
df>] [121 <./externals/SequenceDiagrams3.pdf>] [122 <./externals/SequenceDiagra
ms4.pdf>] [123 <./externals/DistributeReportSequence.png (PNG copy)>] [124 <./e
xternals/GenerateReportSequence.png (PNG copy)>] [125 <./externals/LogInSequenc
e.png (PNG copy)>] [126 <./externals/MaintainLocationSequence.png (PNG copy)>]
[127 <./externals/MaintainPositionSequence.png (PNG copy)>] [128 <./externals/M
aintainSkillSequence.png (PNG copy)>] [129 <./externals/ReviewEmployeeRequestSe
quence.png (PNG copy)>] [130 <./externals/SequenceDiagrams11.pdf>] [131 <./exte
rnals/SequenceDiagrams12.pdf>] [132 <./externals/SequenceDiagrams13.pdf>]
<externals/SequenceDiagrams14.pdf, id=1424, 597.23125pt x 845.1575pt>
File: externals/SequenceDiagrams14.pdf Graphic file (type pdf)

<use externals/SequenceDiagrams14.pdf>
<externals/SequenceDiagrams15.pdf, id=1425, 597.23125pt x 845.1575pt>
File: externals/SequenceDiagrams15.pdf Graphic file (type pdf)

<use externals/SequenceDiagrams15.pdf>
<externals/SequenceDiagrams18.pdf, id=1426, 614.295pt x 794.97pt>
File: externals/SequenceDiagrams18.pdf Graphic file (type pdf)

<use externals/SequenceDiagrams18.pdf>
<externals/SequenceDiagrams17.pdf, id=1427, 597.23125pt x 845.1575pt>
File: externals/SequenceDiagrams17.pdf Graphic file (type pdf)

<use externals/SequenceDiagrams17.pdf> [133 <./externals/SequenceDiagrams14.pdf
>] [134 <./externals/SequenceDiagrams15.pdf>] [135 <./externals/SequenceDiagram
s18.pdf

pdfTeX warning: /usr/bin/pdflatex (file ./externals/SequenceDiagrams18.pdf): PD
F inclusion: Page Group detected which pdfTeX can't handle. Ignoring it.
>] [136 <./externals/SequenceDiagrams17.pdf>]
Chapter 15.
[137


] <externals/di1.pdf, id=1489, 614.295pt x 794.97pt>
File: externals/di1.pdf Graphic file (type pdf)

<use externals/di1.pdf>
Overfull \vbox (23.62567pt too high) has occurred while \output is active []


[138 <./externals/di1.pdf

pdfTeX warning: /usr/bin/pdflatex (file ./externals/di1.pdf): PDF inclusion: Pa
ge Group detected which pdfTeX can't handle. Ignoring it.
>] <externals/di2.pdf, id=1528, 614.295pt x 794.97pt>
File: externals/di2.pdf Graphic file (type pdf)
 <use externals/di2.pdf>
[139 <./externals/di2.pdf

pdfTeX warning: /usr/bin/pdflatex (file ./externals/di2.pdf): PDF inclusion: Pa
ge Group detected which pdfTeX can't handle. Ignoring it.
>] <externals/di3.pdf, id=1550, 614.295pt x 794.97pt>
File: externals/di3.pdf Graphic file (type pdf)
 <use externals/di3.pdf>
[140 <./externals/di3.pdf

pdfTeX warning: /usr/bin/pdflatex (file ./externals/di3.pdf): PDF inclusion: Pa
ge Group detected which pdfTeX can't handle. Ignoring it.
>] <externals/di4.pdf, id=1588, 614.295pt x 794.97pt>
File: externals/di4.pdf Graphic file (type pdf)
 <use externals/di4.pdf>
[141 <./externals/di4.pdf

pdfTeX warning: /usr/bin/pdflatex (file ./externals/di4.pdf): PDF inclusion: Pa
ge Group detected which pdfTeX can't handle. Ignoring it.
>] <externals/di5.pdf, id=1626, 614.295pt x 794.97pt>
File: externals/di5.pdf Graphic file (type pdf)
 <use externals/di5.pdf>
[142 <./externals/di5.pdf

pdfTeX warning: /usr/bin/pdflatex (file ./externals/di5.pdf): PDF inclusion: Pa
ge Group detected which pdfTeX can't handle. Ignoring it.
>] <externals/di6.pdf, id=1664, 614.295pt x 794.97pt>
File: externals/di6.pdf Graphic file (type pdf)
 <use externals/di6.pdf>
[143 <./externals/di6.pdf

pdfTeX warning: /usr/bin/pdflatex (file ./externals/di6.pdf): PDF inclusion: Pa
ge Group detected which pdfTeX can't handle. Ignoring it.
>] <externals/di7.pdf, id=1702, 614.295pt x 794.97pt>
File: externals/di7.pdf Graphic file (type pdf)
 <use externals/di7.pdf>
[144 <./externals/di7.pdf

pdfTeX warning: /usr/bin/pdflatex (file ./externals/di7.pdf): PDF inclusion: Pa
ge Group detected which pdfTeX can't handle. Ignoring it.
>] <externals/di8.pdf, id=1741, 614.295pt x 794.97pt>
File: externals/di8.pdf Graphic file (type pdf)
 <use externals/di8.pdf>
[145 <./externals/di8.pdf

pdfTeX warning: /usr/bin/pdflatex (file ./externals/di8.pdf): PDF inclusion: Pa
ge Group detected which pdfTeX can't handle. Ignoring it.
>] <externals/di9.pdf, id=1763, 614.295pt x 794.97pt>
File: externals/di9.pdf Graphic file (type pdf)
 <use externals/di9.pdf>
[146 <./externals/di9.pdf

pdfTeX warning: /usr/bin/pdflatex (file ./externals/di9.pdf): PDF inclusion: Pa
ge Group detected which pdfTeX can't handle. Ignoring it.
>] <externals/di10.pdf, id=1801, 614.295pt x 794.97pt>
File: externals/di10.pdf Graphic file (type pdf)

<use externals/di10.pdf> [147 <./externals/di10.pdf

pdfTeX warning: /usr/bin/pdflatex (file ./externals/di10.pdf): PDF inclusion: P
age Group detected which pdfTeX can't handle. Ignoring it.
>] <externals/di11.pdf, id=1839, 614.295pt x 794.97pt>
File: externals/di11.pdf Graphic file (type pdf)

<use externals/di11.pdf> [148 <./externals/di11.pdf

pdfTeX warning: /usr/bin/pdflatex (file ./externals/di11.pdf): PDF inclusion: P
age Group detected which pdfTeX can't handle. Ignoring it.
>] <externals/di12.pdf, id=1877, 614.295pt x 794.97pt>
File: externals/di12.pdf Graphic file (type pdf)

<use externals/di12.pdf> [149 <./externals/di12.pdf

pdfTeX warning: /usr/bin/pdflatex (file ./externals/di12.pdf): PDF inclusion: P
age Group detected which pdfTeX can't handle. Ignoring it.
>] <externals/dp1.pdf, id=1910, 614.295pt x 794.97pt>
File: externals/dp1.pdf Graphic file (type pdf)
 <use externals/dp1.pdf>
[150 <./externals/dp1.pdf

pdfTeX warning: /usr/bin/pdflatex (file ./externals/dp1.pdf): PDF inclusion: Pa
ge Group detected which pdfTeX can't handle. Ignoring it.
>] <externals/dp2.pdf, id=1954, 614.295pt x 794.97pt>
File: externals/dp2.pdf Graphic file (type pdf)
 <use externals/dp2.pdf>
[151 <./externals/dp2.pdf

pdfTeX warning: /usr/bin/pdflatex (file ./externals/dp2.pdf): PDF inclusion: Pa
ge Group detected which pdfTeX can't handle. Ignoring it.
>] <externals/dp3.pdf, id=1990, 614.295pt x 794.97pt>
File: externals/dp3.pdf Graphic file (type pdf)
 <use externals/dp3.pdf>
[152 <./externals/dp3.pdf

pdfTeX warning: /usr/bin/pdflatex (file ./externals/dp3.pdf): PDF inclusion: Pa
ge Group detected which pdfTeX can't handle. Ignoring it.
>] <externals/dd1.pdf, id=2018, 614.295pt x 794.97pt>
File: externals/dd1.pdf Graphic file (type pdf)
 <use externals/dd1.pdf>
[153 <./externals/dd1.pdf

pdfTeX warning: /usr/bin/pdflatex (file ./externals/dd1.pdf): PDF inclusion: Pa
ge Group detected which pdfTeX can't handle. Ignoring it.
>] <externals/dd2.pdf, id=2056, 614.295pt x 794.97pt>
File: externals/dd2.pdf Graphic file (type pdf)
 <use externals/dd2.pdf>
[154 <./externals/dd2.pdf

pdfTeX warning: /usr/bin/pdflatex (file ./externals/dd2.pdf): PDF inclusion: Pa
ge Group detected which pdfTeX can't handle. Ignoring it.
>] <externals/dd3.pdf, id=2089, 614.295pt x 794.97pt>
File: externals/dd3.pdf Graphic file (type pdf)
 <use externals/dd3.pdf>
[155 <./externals/dd3.pdf

pdfTeX warning: /usr/bin/pdflatex (file ./externals/dd3.pdf): PDF inclusion: Pa
ge Group detected which pdfTeX can't handle. Ignoring it.
>] <externals/dd4.pdf, id=2122, 614.295pt x 794.97pt>
File: externals/dd4.pdf Graphic file (type pdf)
 <use externals/dd4.pdf>
[156 <./externals/dd4.pdf

pdfTeX warning: /usr/bin/pdflatex (file ./externals/dd4.pdf): PDF inclusion: Pa
ge Group detected which pdfTeX can't handle. Ignoring it.
>] <externals/dd5.pdf, id=2156, 614.295pt x 794.97pt>
File: externals/dd5.pdf Graphic file (type pdf)
 <use externals/dd5.pdf>
[157 <./externals/dd5.pdf

pdfTeX warning: /usr/bin/pdflatex (file ./externals/dd5.pdf): PDF inclusion: Pa
ge Group detected which pdfTeX can't handle. Ignoring it.
>] <externals/db1.pdf, id=2189, 614.295pt x 794.97pt>
File: externals/db1.pdf Graphic file (type pdf)
 <use externals/db1.pdf>
Overfull \vbox (10.82204pt too high) has occurred while \output is active []


[158 <./externals/db1.pdf

pdfTeX warning: /usr/bin/pdflatex (file ./externals/db1.pdf): PDF inclusion: Pa
ge Group detected which pdfTeX can't handle. Ignoring it.
>] <externals/db2.pdf, id=2227, 614.295pt x 794.97pt>
File: externals/db2.pdf Graphic file (type pdf)
 <use externals/db2.pdf>
[159 <./externals/db2.pdf

pdfTeX warning: /usr/bin/pdflatex (file ./externals/db2.pdf): PDF inclusion: Pa
ge Group detected which pdfTeX can't handle. Ignoring it.
>] <externals/db3.pdf, id=2255, 614.295pt x 794.97pt>
File: externals/db3.pdf Graphic file (type pdf)
 <use externals/db3.pdf>
Overfull \vbox (0.16483pt too high) has occurred while \output is active []


[160 <./externals/db3.pdf

pdfTeX warning: /usr/bin/pdflatex (file ./externals/db3.pdf): PDF inclusion: Pa
ge Group detected which pdfTeX can't handle. Ignoring it.
>] <externals/db4.pdf, id=2287, 614.295pt x 794.97pt>
File: externals/db4.pdf Graphic file (type pdf)
 <use externals/db4.pdf>
Overfull \vbox (0.16483pt too high) has occurred while \output is active []


[161 <./externals/db4.pdf

pdfTeX warning: /usr/bin/pdflatex (file ./externals/db4.pdf): PDF inclusion: Pa
ge Group detected which pdfTeX can't handle. Ignoring it.
>] <externals/db5.pdf, id=2320, 614.295pt x 794.97pt>
File: externals/db5.pdf Graphic file (type pdf)
 <use externals/db5.pdf>
[162 <./externals/db5.pdf

pdfTeX warning: /usr/bin/pdflatex (file ./externals/db5.pdf): PDF inclusion: Pa
ge Group detected which pdfTeX can't handle. Ignoring it.
>] <externals/db6.pdf, id=2354, 614.295pt x 794.97pt>
File: externals/db6.pdf Graphic file (type pdf)
 <use externals/db6.pdf>
[163 <./externals/db6.pdf

pdfTeX warning: /usr/bin/pdflatex (file ./externals/db6.pdf): PDF inclusion: Pa
ge Group detected which pdfTeX can't handle. Ignoring it.
>] <externals/db7.pdf, id=2382, 614.295pt x 794.97pt>
File: externals/db7.pdf Graphic file (type pdf)
 <use externals/db7.pdf>
[164 <./externals/db7.pdf

pdfTeX warning: /usr/bin/pdflatex (file ./externals/db7.pdf): PDF inclusion: Pa
ge Group detected which pdfTeX can't handle. Ignoring it.
>] <externals/db8.pdf, id=2404, 614.295pt x 794.97pt>
File: externals/db8.pdf Graphic file (type pdf)
 <use externals/db8.pdf>
Overfull \vbox (0.16483pt too high) has occurred while \output is active []


[165 <./externals/db8.pdf

pdfTeX warning: /usr/bin/pdflatex (file ./externals/db8.pdf): PDF inclusion: Pa
ge Group detected which pdfTeX can't handle. Ignoring it.
>] <externals/db9.pdf, id=2437, 614.295pt x 794.97pt>
File: externals/db9.pdf Graphic file (type pdf)
 <use externals/db9.pdf>
Overfull \vbox (0.16483pt too high) has occurred while \output is active []


[166 <./externals/db9.pdf

pdfTeX warning: /usr/bin/pdflatex (file ./externals/db9.pdf): PDF inclusion: Pa
ge Group detected which pdfTeX can't handle. Ignoring it.
>] <externals/db10.pdf, id=2470, 614.295pt x 794.97pt>
File: externals/db10.pdf Graphic file (type pdf)

<use externals/db10.pdf> [167 <./externals/db10.pdf

pdfTeX warning: /usr/bin/pdflatex (file ./externals/db10.pdf): PDF inclusion: P
age Group detected which pdfTeX can't handle. Ignoring it.
>] <externals/db11.pdf, id=2503, 614.295pt x 794.97pt>
File: externals/db11.pdf Graphic file (type pdf)

<use externals/db11.pdf> [168 <./externals/db11.pdf

pdfTeX warning: /usr/bin/pdflatex (file ./externals/db11.pdf): PDF inclusion: P
age Group detected which pdfTeX can't handle. Ignoring it.
>] <externals/db12.pdf, id=2537, 614.295pt x 794.97pt>
File: externals/db12.pdf Graphic file (type pdf)

<use externals/db12.pdf> [169 <./externals/db12.pdf

pdfTeX warning: /usr/bin/pdflatex (file ./externals/db12.pdf): PDF inclusion: P
age Group detected which pdfTeX can't handle. Ignoring it.
>] [170

]
Chapter 16.
<externals/webagenda_gantt.pdf, id=2573, 614.295pt x 794.97pt>
File: externals/webagenda_gantt.pdf Graphic file (type pdf)

<use externals/webagenda_gantt.pdf>
Overfull \hbox (1.16194pt too wide) in paragraph at lines 2180--2182
[][]
 []


LaTeX Warning: Float too large for page by 27.46848pt on input line 2182.

[171

] [172 <./externals/webagenda_gantt.pdf>]
Missing character: There is no â in font cmbx12!
Missing character: There is no € in font cmbx12!
Missing character: There is no “ in font cmbx12!
Missing character: There is no â in font cmr12!
Missing character: There is no € in font cmr12!
Missing character: There is no ™ in font cmr12!
Missing character: There is no â in font cmr12!
Missing character: There is no € in font cmr12!
Missing character: There is no ™ in font cmr12!
Missing character: There is no â in font cmr12!
Missing character: There is no € in font cmr12!
Missing character: There is no “ in font cmr12!
 [173]
Missing character: There is no â in font cmbx12!
Missing character: There is no € in font cmbx12!
Missing character: There is no “ in font cmbx12!
Missing character: There is no â in font cmbx12!
Missing character: There is no € in font cmbx12!
Missing character: There is no “ in font cmbx12!
Missing character: There is no â in font cmr12!
Missing character: There is no € in font cmr12!
Missing character: There is no ™ in font cmr12!

Underfull \hbox (badness 10000) in paragraph at lines 2196--2197

 []


Underfull \hbox (badness 10000) in paragraph at lines 2197--2198

 []

Missing character: There is no â in font cmr12!
Missing character: There is no € in font cmr12!
Missing character: There is no “ in font cmr12!
[174]
Missing character: There is no â in font cmbx12!
Missing character: There is no € in font cmbx12!
Missing character: There is no “ in font cmbx12!
Missing character: There is no â in font cmr12!
Missing character: There is no € in font cmr12!
Missing character: There is no ™ in font cmr12!
Missing character: There is no â in font cmbx12!
Missing character: There is no € in font cmbx12!
Missing character: There is no “ in font cmbx12!
Missing character: There is no â in font cmbx12!
Missing character: There is no € in font cmbx12!
Missing character: There is no “ in font cmbx12!
Missing character: There is no â in font cmr12!
Missing character: There is no € in font cmr12!
Missing character: There is no “ in font cmr12!
 [175]
Chapter 17.

Underfull \hbox (badness 10000) in paragraph at lines 2211--2214

 []

Missing character: There is no â in font cmr12!
Missing character: There is no € in font cmr12!
Missing character: There is no “ in font cmr12!
Missing character: There is no â in font cmr12!
Missing character: There is no € in font cmr12!
Missing character: There is no “ in font cmr12!
Missing character: There is no â in font cmr12!
Missing character: There is no € in font cmr12!
Missing character: There is no “ in font cmr12!
Missing character: There is no â in font cmr12!
Missing character: There is no € in font cmr12!
Missing character: There is no “ in font cmr12!
[176

] [177]
Missing character: There is no â in font cmr12!
Missing character: There is no € in font cmr12!
Missing character: There is no “ in font cmr12!
Missing character: There is no â in font cmr12!
Missing character: There is no € in font cmr12!
Missing character: There is no “ in font cmr12!
 [178] <externals/contact.pdf, id=2797, 597.23125pt x 845.1575pt>
File: externals/contact.pdf Graphic file (type pdf)

<use externals/contact.pdf>
Overfull \hbox (96.74579pt too wide) in paragraph at lines 2240--2242
[]
 []


Overfull \vbox (257.44003pt too high) has occurred while \output is active []


[179 <./externals/contact.pdf

pdfTeX warning: /usr/bin/pdflatex (file ./externals/contact.pdf): PDF inclusion
: Page Group detected which pdfTeX can't handle. Ignoring it.
>]
Chapter 18.
Missing character: There is no Â in font cmr12!
Missing character: There is no © in font cmr12!
[180

] [181] [182] [183] [184] [185] [186] [187]
Missing character: There is no â in font cmr12!
Missing character: There is no € in font cmr12!
Missing character: There is no œ in font cmr12!
Missing character: There is no â in font cmr12!
Missing character: There is no € in font cmr12!
Missing character: There is no  in font cmr12!
 [188]
Overfull \hbox (25.27953pt too wide) in paragraph at lines 2361--2362
\OT1/cmr/m/n/12 can be found on the wiki. Cur-rently the wiki is lo-cated at []
[]http://webagenda.googlecode.com/wiki/
 []

[189]
Missing character: There is no â in font cmr12!
Missing character: There is no € in font cmr12!
Missing character: There is no ™ in font cmr12!
Missing character: There is no â in font cmr12!
Missing character: There is no € in font cmr12!
Missing character: There is no ™ in font cmr12!
Missing character: There is no â in font cmr12!
Missing character: There is no € in font cmr12!
Missing character: There is no ™ in font cmr12!
 [190]
Missing character: There is no â in font cmr12!
Missing character: There is no € in font cmr12!
Missing character: There is no ™ in font cmr12!
Missing character: There is no â in font cmr12!
Missing character: There is no € in font cmr12!
Missing character: There is no ™ in font cmr12!
 [191]
Missing character: There is no â in font cmr12!
Missing character: There is no € in font cmr12!
Missing character: There is no ™ in font cmr12!
Missing character: There is no â in font cmr12!
Missing character: There is no € in font cmr12!
Missing character: There is no ™ in font cmr12!
 [192]
Missing character: There is no â in font cmr12!
Missing character: There is no € in font cmr12!
Missing character: There is no ™ in font cmr12!
Missing character: There is no â in font cmr12!
Missing character: There is no € in font cmr12!
Missing character: There is no ™ in font cmr12!
Missing character: There is no â in font cmr12!
Missing character: There is no € in font cmr12!
Missing character: There is no ™ in font cmr12!
Missing character: There is no â in font cmr12!
Missing character: There is no € in font cmr12!
Missing character: There is no ™ in font cmr12!
Missing character: There is no â in font cmr12!
Missing character: There is no € in font cmr12!
Missing character: There is no ™ in font cmr12!
 [193]
Missing character: There is no â in font cmr12!
Missing character: There is no € in font cmr12!
Missing character: There is no ™ in font cmr12!
 [194] [195

]
Appendix A.
Missing character: There is no â in font cmr12!
Missing character: There is no € in font cmr12!
Missing character: There is no ™ in font cmr12!
Missing character: There is no â in font cmr12!
Missing character: There is no € in font cmr12!
Missing character: There is no ™ in font cmr12!
Missing character: There is no â in font cmr12!
Missing character: There is no € in font cmr12!
Missing character: There is no ™ in font cmr12!
[196

]
Missing character: There is no â in font cmr12!
Missing character: There is no € in font cmr12!
Missing character: There is no ™ in font cmr12!
Missing character: There is no â in font cmr12!
Missing character: There is no € in font cmr12!
Missing character: There is no ™ in font cmr12!
Missing character: There is no â in font cmbx12!
Missing character: There is no € in font cmbx12!
Missing character: There is no ™ in font cmbx12!
Missing character: There is no â in font cmr12!
Missing character: There is no € in font cmr12!
Missing character: There is no ™ in font cmr12!
Missing character: There is no â in font cmr12!
Missing character: There is no € in font cmr12!
Missing character: There is no ™ in font cmr12!
Missing character: There is no â in font cmr12!
Missing character: There is no € in font cmr12!
Missing character: There is no ™ in font cmr12!
 [197] [198]
Appendix B.
[199

]
Underfull \hbox (badness 10000) in paragraph at lines 2466--2496

 []


Underfull \hbox (badness 10000) in paragraph at lines 2466--2496

 []


Underfull \hbox (badness 10000) in paragraph at lines 2466--2496
\OT1/cmr/bx/n/17.28 Example
 []


Underfull \hbox (badness 10000) in paragraph at lines 2466--2496

 []


Underfull \hbox (badness 10000) in paragraph at lines 2466--2496

 []


Underfull \hbox (badness 10000) in paragraph at lines 2466--2496
| \OT1/cmr/m/n/12 De-scrip-tion
 []


Underfull \hbox (badness 10000) in paragraph at lines 2466--2496

 []


Underfull \hbox (badness 10000) in paragraph at lines 2466--2496

 []


Underfull \hbox (badness 10000) in paragraph at lines 2466--2496
| []\OT1/cmtt/m/n/12 This is the colour and font of code[]
 []


Underfull \hbox (badness 10000) in paragraph at lines 2466--2496

 []


Underfull \hbox (badness 10000) in paragraph at lines 2466--2496
| \OT1/cmr/m/n/12 Pa-ram-e-ters
 []


Underfull \hbox (badness 10000) in paragraph at lines 2466--2496

 []


Underfull \hbox (badness 10000) in paragraph at lines 2466--2496
| \OT1/cmr/m/n/12 Ex-am-ples
 []


Underfull \hbox (badness 10000) in paragraph at lines 2466--2496

 []


Underfull \hbox (badness 10000) in paragraph at lines 2466--2496
| \OT1/cmr/m/n/12 Notes
 []


Underfull \hbox (badness 10000) in paragraph at lines 2466--2496

 []


Underfull \hbox (badness 10000) in paragraph at lines 2466--2496
| \OT1/cmr/m/n/12 Pre-Conditions
 []


Underfull \hbox (badness 10000) in paragraph at lines 2466--2496
| \OT1/cmr/m/n/12 Post-Conditions
 []


Underfull \hbox (badness 10000) in paragraph at lines 2466--2496
| \OT1/cmr/m/n/12 Er-rors
 []


Underfull \hbox (badness 10000) in paragraph at lines 2466--2496

 []


Underfull \hbox (badness 10000) in paragraph at lines 2466--2496

 []


Underfull \hbox (badness 10000) in paragraph at lines 2466--2496
| \OT1/cmr/m/n/12 Warn-ings
 []


Underfull \hbox (badness 10000) in paragraph at lines 2466--2496

 []


Underfull \hbox (badness 10000) in paragraph at lines 2466--2496

 []


Underfull \hbox (badness 10000) in paragraph at lines 2466--2496

 []

[200]
Underfull \hbox (badness 10000) in paragraph at lines 2532--2533

 []


Underfull \hbox (badness 10000) in paragraph at lines 2532--2533
\OT1/cmtt/m/n/12 <h2>Title Of API Method</h2>
 []


Underfull \hbox (badness 10000) in paragraph at lines 2532--2533
| \OT1/cmtt/m/n/12 <h3>Description</h3>
 []


Underfull \hbox (badness 10000) in paragraph at lines 2532--2533
| \OT1/cmtt/m/n/12 <p>The destiption of the API method goes here</p>
 []


Underfull \hbox (badness 10000) in paragraph at lines 2532--2533

 []


Underfull \hbox (badness 10000) in paragraph at lines 2532--2533
| \OT1/cmtt/m/n/12 <h3>Usage</h3>
 []


Underfull \hbox (badness 10000) in paragraph at lines 2532--2533
| \OT1/cmtt/m/n/12 <p>Usage Description if required</p>
 []


Underfull \hbox (badness 10000) in paragraph at lines 2532--2533
| \OT1/cmtt/m/n/12 <code>Code Goes Here for an example</code>
 []


Underfull \hbox (badness 10000) in paragraph at lines 2532--2533

 []


Underfull \hbox (badness 10000) in paragraph at lines 2532--2533
| \OT1/cmtt/m/n/12 <h3>Parameters</h3>
 []


Underfull \hbox (badness 10000) in paragraph at lines 2532--2533
| \OT1/cmtt/m/n/12 <p>Parameter Descriptions if required</p>
 []


Underfull \hbox (badness 10000) in paragraph at lines 2532--2533
| \OT1/cmtt/m/n/12 <ul>
 []


Underfull \hbox (badness 10000) in paragraph at lines 2532--2533
| \OT1/cmtt/m/n/12 <li>Parameter 1 - Parameter description</li>
 []


Underfull \hbox (badness 10000) in paragraph at lines 2532--2533
| \OT1/cmtt/m/n/12 <li>Parameter 2 - Parameter description</li>
 []


Underfull \hbox (badness 10000) in paragraph at lines 2532--2533
| \OT1/cmtt/m/n/12 <li>Parameter 3 - Parameter description</li>
 []


Underfull \hbox (badness 10000) in paragraph at lines 2532--2533
| \OT1/cmtt/m/n/12 </ul>
 []


Underfull \hbox (badness 10000) in paragraph at lines 2532--2533

 []


Underfull \hbox (badness 10000) in paragraph at lines 2532--2533
| \OT1/cmtt/m/n/12 <h3>Examples</h3>
 []


Underfull \hbox (badness 10000) in paragraph at lines 2532--2533
| \OT1/cmtt/m/n/12 <p>Example description if required</p>
 []


Underfull \hbox (badness 10000) in paragraph at lines 2532--2533
|  \OT1/cmtt/m/n/12 scenario</code>
 []


Underfull \hbox (badness 10000) in paragraph at lines 2532--2533

 []


Underfull \hbox (badness 10000) in paragraph at lines 2532--2533
| \OT1/cmtt/m/n/12 <h3>Notes</h3>
 []


Underfull \hbox (badness 10000) in paragraph at lines 2532--2533
| \OT1/cmtt/m/n/12 <p>Notes go here</p>
 []


Underfull \hbox (badness 10000) in paragraph at lines 2532--2533

 []


Underfull \hbox (badness 10000) in paragraph at lines 2532--2533
| \OT1/cmtt/m/n/12 <h3>Pre-Condition</h3>
 []


Underfull \hbox (badness 10000) in paragraph at lines 2532--2533
| \OT1/cmtt/m/n/12 <p>Pre conditions go here</p>
 []


Underfull \hbox (badness 10000) in paragraph at lines 2532--2533

 []


Underfull \hbox (badness 10000) in paragraph at lines 2532--2533
| \OT1/cmtt/m/n/12 <h3>Post-Conditions</h3>
 []


Underfull \hbox (badness 10000) in paragraph at lines 2532--2533
| \OT1/cmtt/m/n/12 <p>Post conditions go here</p>
 []


Underfull \hbox (badness 10000) in paragraph at lines 2532--2533

 []


Underfull \hbox (badness 10000) in paragraph at lines 2532--2533
| \OT1/cmtt/m/n/12 <h3>Errors</h3>
 []


Underfull \hbox (badness 10000) in paragraph at lines 2532--2533
| \OT1/cmtt/m/n/12 <p>Errors go here</p>
 []


Underfull \hbox (badness 10000) in paragraph at lines 2532--2533

 []


Underfull \hbox (badness 10000) in paragraph at lines 2532--2533
| \OT1/cmtt/m/n/12 <h3>Related Methods</h3>
 []


Underfull \hbox (badness 10000) in paragraph at lines 2532--2533
| \OT1/cmtt/m/n/12 <p><a href="#">Related Method 1 Link</a></p>
 []


Underfull \hbox (badness 10000) in paragraph at lines 2532--2533

 []

[201]
Appendix C.
[202

] <prototypes/p2addUser.jpeg, id=2887, 1004.75375pt x 1002.74625pt>
File: prototypes/p2addUser.jpeg Graphic file (type jpg)

<use prototypes/p2addUser.jpeg>
<prototypes/p2dashboard.jpeg, id=2888, 1003.75pt x 1004.75375pt>
File: prototypes/p2dashboard.jpeg Graphic file (type jpg)

<use prototypes/p2dashboard.jpeg> [203

 <./prototypes/p2addUser.jpeg>]
<prototypes/p2LoginScreen.jpeg, id=2892, 1001.7425pt x 634.37pt>
File: prototypes/p2LoginScreen.jpeg Graphic file (type jpg)

<use prototypes/p2LoginScreen.jpeg> [204 <./prototypes/p2dashboard.jpeg>]
<prototypes/p2mailScreen.jpeg, id=2897, 1002.74625pt x 1001.7425pt>
File: prototypes/p2mailScreen.jpeg Graphic file (type jpg)

<use prototypes/p2mailScreen.jpeg> [205 <./prototypes/p2LoginScreen.jpeg>]
<prototypes/p2updateUserScreen.jpeg, id=2901, 1001.7425pt x 1001.7425pt>
File: prototypes/p2updateUserScreen.jpeg Graphic file (type jpg)

<use prototypes/p2updateUserScreen.jpeg> [206 <./prototypes/p2mailScreen.jpeg>]
<prototypes/p2redirectLogin.jpg, id=2905, 1003.75pt x 635.37375pt>
File: prototypes/p2redirectLogin.jpg Graphic file (type jpg)

<use prototypes/p2redirectLogin.jpg> [207 <./prototypes/p2updateUserScreen.jpeg
>] <prototypes/p2redirectLoginError.jpg, id=2909, 1003.75pt x 635.37375pt>
File: prototypes/p2redirectLoginError.jpg Graphic file (type jpg)

<use prototypes/p2redirectLoginError.jpg> [208 <./prototypes/p2redirectLogin.jp
g> <./prototypes/p2redirectLoginError.jpg>]
Appendix D.
[209


]
Underfull \hbox (badness 10000) in paragraph at lines 2650--2654

 []


Underfull \hbox (badness 10000) in paragraph at lines 2650--2654

 []


Underfull \hbox (badness 10000) in paragraph at lines 2650--2654

 []

Missing character: There is no â in font cmr12!
Missing character: There is no € in font cmr12!
Missing character: There is no œ in font cmr12!
Missing character: There is no â in font cmr12!
Missing character: There is no € in font cmr12!
Missing character: There is no  in font cmr12!
[210]
Missing character: There is no â in font cmr12!
Missing character: There is no € in font cmr12!
Missing character: There is no œ in font cmr12!
Missing character: There is no â in font cmr12!
Missing character: There is no € in font cmr12!
Missing character: There is no  in font cmr12!
Missing character: There is no â in font cmr12!
Missing character: There is no € in font cmr12!
Missing character: There is no œ in font cmr12!
Missing character: There is no â in font cmr12!
Missing character: There is no € in font cmr12!
Missing character: There is no  in font cmr12!
Missing character: There is no â in font cmr12!
Missing character: There is no € in font cmr12!
Missing character: There is no œ in font cmr12!
Missing character: There is no â in font cmr12!
Missing character: There is no € in font cmr12!
Missing character: There is no  in font cmr12!
Missing character: There is no â in font cmr12!
Missing character: There is no € in font cmr12!
Missing character: There is no “ in font cmr12!
 [211] <externals/PermissionTable1.pdf, id=2923, 614.295pt x 794.97pt>
File: externals/PermissionTable1.pdf Graphic file (type pdf)

<use externals/PermissionTable1.pdf>
Overfull \vbox (33.76146pt too high) has occurred while \output is active []


[212 <./externals/PermissionTable1.pdf

pdfTeX warning: /usr/bin/pdflatex (file ./externals/PermissionTable1.pdf): PDF 
inclusion: Page Group detected which pdfTeX can't handle. Ignoring it.
>] <externals/PermissionTable2.pdf, id=2939, 614.295pt x 794.97pt>
File: externals/PermissionTable2.pdf Graphic file (type pdf)

<use externals/PermissionTable2.pdf> [213 <./externals/PermissionTable2.pdf

pdfTeX warning: /usr/bin/pdflatex (file ./externals/PermissionTable2.pdf): PDF 
inclusion: Page Group detected which pdfTeX can't handle. Ignoring it.
>] <externals/PermissionTable3.pdf, id=2955, 614.295pt x 794.97pt>
File: externals/PermissionTable3.pdf Graphic file (type pdf)

<use externals/PermissionTable3.pdf> [214 <./externals/PermissionTable3.pdf

pdfTeX warning: /usr/bin/pdflatex (file ./externals/PermissionTable3.pdf): PDF 
inclusion: Page Group detected which pdfTeX can't handle. Ignoring it.
>] <externals/PermissionTable4.pdf, id=2971, 614.295pt x 794.97pt>
File: externals/PermissionTable4.pdf Graphic file (type pdf)

<use externals/PermissionTable4.pdf> [215 <./externals/PermissionTable4.pdf

pdfTeX warning: /usr/bin/pdflatex (file ./externals/PermissionTable4.pdf): PDF 
inclusion: Page Group detected which pdfTeX can't handle. Ignoring it.
>]
Appendix E.
[216

] [217] [218] [219] [220] [221]
Appendix F.
(./ReqAnalysis.ind [222

]
Overfull \hbox (11.90674pt too wide) in paragraph at lines 94--95
[]\OT1/cmr/m/n/12 Maintainability and Ad-min-is-tra-tion Re-quire-ments,
 []

[223

] [224]) (./ReqAnalysis.aux)

LaTeX Warning: There were multiply-defined labels.

 ) 
Here is how much of TeX's memory you used:
 2551 strings out of 95086
 40222 string characters out of 1183254
 88106 words of memory out of 1500000
 5612 multiletter control sequences out of 10000+50000
 10538 words of font info for 37 fonts, out of 1200000 for 2000
 28 hyphenation exceptions out of 8191
 34i,12n,43p,1850b,321s stack positions out of 5000i,500n,6000p,200000b,5000s
</usr/share/texmf-texlive/fonts/type1/bluesky/cm/cmbx10.pfb></usr/share/texmf
-texlive/fonts/type1/bluesky/cm/cmbx12.pfb></usr/share/texmf-texlive/fonts/type
1/bluesky/cm/cmr10.pfb></usr/share/texmf-texlive/fonts/type1/bluesky/cm/cmr12.p
fb></usr/share/texmf-texlive/fonts/type1/bluesky/cm/cmr17.pfb></usr/share/texmf
-texlive/fonts/type1/bluesky/cm/cmsy10.pfb></usr/share/texmf-texlive/fonts/type
1/bluesky/cm/cmti12.pfb></usr/share/texmf-texlive/fonts/type1/bluesky/cm/cmtt12
.pfb>
Output written on ReqAnalysis.pdf (225 pages, 4722726 bytes).
PDF statistics:
 3051 PDF objects out of 3580 (max. 8388607)
 0 named destinations out of 1000 (max. 131072)
 496 words of extra memory for PDF output out of 10000 (max. 10000000)

